2025-01-17 23:04:53,578 - INFO - [31m[1mWARNING: This is a development server. Do not use it in a production deployment. Use a production WSGI server instead.[0m
 * Running on http://127.0.0.1:5000
2025-01-17 23:04:53,580 - INFO - [33mPress CTRL+C to quit[0m
2025-01-17 23:04:53,603 - INFO -  * Restarting with watchdog (windowsapi)
2025-01-17 23:05:06,599 - WARNING -  * Debugger is active!
2025-01-17 23:05:06,606 - INFO -  * Debugger PIN: 156-443-028
2025-01-17 23:07:19,830 - INFO - [31m[1mWARNING: This is a development server. Do not use it in a production deployment. Use a production WSGI server instead.[0m
 * Running on http://127.0.0.1:5000
2025-01-17 23:07:19,830 - INFO - [33mPress CTRL+C to quit[0m
2025-01-17 23:07:19,848 - INFO -  * Restarting with watchdog (windowsapi)
2025-01-17 23:07:32,520 - WARNING -  * Debugger is active!
2025-01-17 23:07:32,528 - INFO -  * Debugger PIN: 156-443-028
2025-01-17 23:09:06,380 - INFO -  * Detected change in 'C:\\Users\\mgree\\PROJECT_INTERNSHIP_TRAFFIC\\PROJECT\\1.py', reloading
2025-01-17 23:12:28,666 - INFO - [31m[1mWARNING: This is a development server. Do not use it in a production deployment. Use a production WSGI server instead.[0m
 * Running on http://127.0.0.1:5000
2025-01-17 23:12:28,667 - INFO - [33mPress CTRL+C to quit[0m
2025-01-17 23:12:28,708 - INFO -  * Restarting with watchdog (windowsapi)
2025-01-20 16:57:31,620 - INFO - [31m[1mWARNING: This is a development server. Do not use it in a production deployment. Use a production WSGI server instead.[0m
 * Running on http://localhost:5000
2025-01-20 16:57:31,622 - INFO - [33mPress CTRL+C to quit[0m
2025-01-20 16:57:31,646 - INFO -  * Restarting with watchdog (windowsapi)
2025-01-20 16:57:34,928 - WARNING -  * Debugger is active!
2025-01-20 16:57:34,940 - INFO -  * Debugger PIN: 156-443-028
2025-01-20 16:58:35,194 - INFO -  * Detected change in 'C:\\Users\\mgree\\PROJECT_INTERNSHIP_TRAFFIC\\PROJECT\\app.py', reloading
2025-01-20 16:58:35,196 - INFO -  * Detected change in 'C:\\Users\\mgree\\PROJECT_INTERNSHIP_TRAFFIC\\PROJECT\\app.py', reloading
2025-01-20 16:58:39,388 - INFO -  * Restarting with watchdog (windowsapi)
2025-01-20 16:58:42,844 - WARNING -  * Debugger is active!
2025-01-20 16:58:42,850 - INFO -  * Debugger PIN: 156-443-028
2025-01-20 16:59:45,389 - INFO - [31m[1mWARNING: This is a development server. Do not use it in a production deployment. Use a production WSGI server instead.[0m
 * Running on http://localhost:5000
2025-01-20 16:59:45,389 - INFO - [33mPress CTRL+C to quit[0m
2025-01-20 16:59:45,408 - INFO -  * Restarting with watchdog (windowsapi)
2025-01-20 16:59:48,559 - WARNING -  * Debugger is active!
2025-01-20 16:59:48,566 - INFO -  * Debugger PIN: 156-443-028
